build/app/outputs/mapping/release/seeds.txt
com.example.womensafteyhackfair.MainActivity: MainActivity()
com.example.womensafteyhackfair.MainActivity
...
com.baseflow.geolocator.tasks.ForwardGeocodingTask$1
com.baseflow.permissionhandler.R$styleable: int FontFamilyFont_android_fontStyle
com.baseflow.location_permissions.R$string: R$string()
com.baseflow.googleapiavailability.R$id: int accessibility_custom_action_3
com.baseflow.geolocator.R$id: int line1
com.baseflow.geolocator.tasks.LocationUsingLocationManagerTask: android.content.Context mAndroidContext
com.baseflow.geolocator.R$id: int accessibility_custom_action_29
com.google.android.material.button.MaterialButton: void setIconGravity(int)
com.google.android.material.appbar.AppBarLayout: int getUpNestedPreScrollRange()
com.baseflow.googleapiavailability.R$integer: int google_play_services_version
com.baseflow.location_permissions.R$attr: int ttcIndex
com.baseflow.geolocator.tasks.LocationUpdatesUsingLocationServicesTask: void reportLocationUpdate(android.location.Location)
io.flutter.embedding.engine.renderer.SurfaceTextureWrapper: void detachFromGLContext()
com.baseflow.geolocator.utils.MainThreadDispatcher$1
com.baseflow.geolocator.tasks.LocationUpdatesUsingLocationManagerTask: int GEOLOCATION_ACCURACY_BEST_FOR_NAVIGATION
com.baseflow.googleapiavailability.R$styleable: int FontFamilyFont_android_fontVariationSettings
com.baseflow.permissionhandler.R$attr: int fontProviderQuery
com.baseflow.googleapiavailability.R$id: int accessibility_custom_action_27
androidx.vectordrawable.graphics.drawable.VectorDrawableCompat$VGroup: float getTranslateX()
com.baseflow.geolocator.R$id: int tag_transition_group
com.google.android.material.bottomsheet.BottomSheetBehavior: BottomSheetBehavior()
androidx.appcompat.widget.Toolbar: void setTitleTextColor(int)
com.baseflow.geolocator.R$layout: int notification_template_custom_big
com.baseflow.googleapiavailability.R$drawable: int notification_bg_low_normal
com.baseflow.geolocator.tasks.LocationUpdatesUsingLocationManagerTask: int GEOLOCATION_ACCURACY_BEST
com.google.android.gms.location.zzj: android.os.Parcelable$Creator CREATOR
com.baseflow.location_permissions.LocationPermissionsPlugin: java.lang.Boolean isLocationPermission(java.lang.String)
androidx.appcompat.widget.AppCompatImageView: void setImageDrawable(android.graphics.drawable.Drawable)
androidx.vectordrawable.graphics.drawable.VectorDrawableCompat$VGroup: void setRotation(float)
androidx.room.MultiInstanceInvalidationService: MultiInstanceInvalidationService()
com.baseflow.geolocator.R: R()
androidx.appcompat.widget.Toolbar: void setTitleMarginBottom(int)
com.baseflow.permissionhandler.R$id: int tag_screen_reader_focusable
com.google.android.material.internal.ForegroundLinearLayout: void setForegroundGravity(int)
com.baseflow.permissionhandler.PermissionConstants: int PERMISSION_GROUP_LOCATION
androidx.appcompat.widget.AppCompatCheckBox: android.content.res.ColorStateList getSupportButtonTintList()
io.flutter.embedding.engine.FlutterJNI: void nativeDispatchPointerDataPacket(long,java.nio.ByteBuffer,int)
com.baseflow.permissionhandler.PermissionManager: void checkPermissionStatus(int,android.content.Context,com.baseflow.permissionhandler.PermissionManager$CheckPermissionsSuccessCallback)
com.google.common.util.concurrent.AbstractFuture$Waiter: com.google.common.util.concurrent.AbstractFuture$Waiter next
com.baseflow.googleapiavailability.R$attr: int fontProviderAuthority
com.baseflow.googleapiavailability.R
androidx.recyclerview.widget.RecyclerView: void setEdgeEffectFactory(androidx.recyclerview.widget.RecyclerView$EdgeEffectFactory)
androidx.appcompat.widget.ActionBarOverlayLayout: void setShowingForActionMode(boolean)
com.baseflow.geolocator.R$dimen: int compat_notification_large_icon_max_height
androidx.appcompat.widget.AppCompatTextView: void setPrecomputedText(androidx.core.text.PrecomputedTextCompat)
io.flutter.embedding.engine.mutatorsstack.FlutterMutatorsStack$FlutterMutatorType: io.flutter.embedding.engine.mutatorsstack.FlutterMutatorsStack$FlutterMutatorType valueOf(java.lang.String)