build/app/outputs/mapping/release/mapping.txt
# compiler: R8
# compiler_version: 2.1.62
# min_api: 21
# pg_map_id: 4f19267
# common_typos_disable
...
io.flutter.embedding.engine.loader.FlutterLoader$InitResult -> io.flutter.embedding.engine.h.c$b:
    java.lang.String appStoragePath -> a
    java.lang.String engineCachesPath -> b
io.flutter.embedding.engine.loader.FlutterLoader$Settings -> io.flutter.embedding.engine.h.c$c:
    java.lang.String logTag -> a
    java.lang.String getLogTag() -> a
io.flutter.embedding.engine.loader.ResourceExtractor -> io.flutter.embedding.engine.h.d:
    void waitForCompletion() -> a
io.flutter.embedding.engine.mutatorsstack.FlutterMutatorView -> io.flutter.embedding.engine.mutatorsstack.a:
    android.view.ViewTreeObserver$OnGlobalFocusChangeListener activeFocusListener -> i
    int prevLeft -> f
    float screenDensity -> c
    int prevTop -> g
    int left -> d
    int top -> e
    io.flutter.embedding.engine.mutatorsstack.FlutterMutatorsStack mutatorsStack -> b
    io.flutter.embedding.android.AndroidTouchProcessor androidTouchProcessor -> h
    boolean childHasFocus(android.view.View) -> a
    void readyToDisplay(io.flutter.embedding.engine.mutatorsstack.FlutterMutatorsStack,int,int,int,int) -> b
    void unsetOnDescendantFocusChangeListener() -> c
io.flutter.embedding.engine.mutatorsstack.FlutterMutatorView$1 -> io.flutter.embedding.engine.mutatorsstack.a$a:
    android.view.View$OnFocusChangeListener val$userFocusListener -> b
    android.view.View val$mutatorView -> c
io.flutter.embedding.engine.mutatorsstack.FlutterMutatorsStack$FlutterMutator -> io.flutter.embedding.engine.mutatorsstack.FlutterMutatorsStack$a:
    android.graphics.Matrix matrix -> a
    android.graphics.Matrix getMatrix() -> a
io.flutter.embedding.engine.mutatorsstack.FlutterMutatorsStack$FlutterMutatorType -> io.flutter.embedding.engine.mutatorsstack.FlutterMutatorsStack$b:
    io.flutter.embedding.engine.mutatorsstack.FlutterMutatorsStack$FlutterMutatorType[] $VALUES -> g
    io.flutter.embedding.engine.mutatorsstack.FlutterMutatorsStack$FlutterMutatorType CLIP_PATH -> d
    io.flutter.embedding.engine.mutatorsstack.FlutterMutatorsStack$FlutterMutatorType TRANSFORM -> e
    io.flutter.embedding.engine.mutatorsstack.FlutterMutatorsStack$FlutterMutatorType OPACITY -> f
    io.flutter.embedding.engine.mutatorsstack.FlutterMutatorsStack$FlutterMutatorType CLIP_RECT -> b
    io.flutter.embedding.engine.mutatorsstack.FlutterMutatorsStack$FlutterMutatorType CLIP_RRECT -> c
io.flutter.embedding.engine.plugins.FlutterPlugin -> io.flutter.embedding.engine.i.a:
io.flutter.embedding.engine.plugins.FlutterPlugin$FlutterAssets -> io.flutter.embedding.engine.i.a$a:
io.flutter.embedding.engine.plugins.FlutterPlugin$FlutterPluginBinding -> io.flutter.embedding.engine.i.a$b:
    android.content.Context applicationContext -> a
    io.flutter.plugin.common.BinaryMessenger binaryMessenger -> b
    android.content.Context getApplicationContext() -> a
    io.flutter.plugin.common.BinaryMessenger getBinaryMessenger() -> b
io.flutter.embedding.engine.plugins.PluginRegistry -> io.flutter.embedding.engine.i.b:
    void add(io.flutter.embedding.engine.plugins.FlutterPlugin) -> h
io.flutter.embedding.engine.plugins.activity.ActivityAware -> io.flutter.embedding.engine.i.c.a:
io.flutter.embedding.engine.plugins.activity.ActivityControlSurface -> io.flutter.embedding.engine.i.c.b:
    void onNewIntent(android.content.Intent) -> a
    void onRestoreInstanceState(android.os.Bundle) -> b
    void onSaveInstanceState(android.os.Bundle) -> c
    void onUserLeaveHint() -> d
    void attachToActivity(io.flutter.embedding.android.ExclusiveAppComponent,androidx.lifecycle.Lifecycle) -> f
    void detachFromActivity() -> g
    void detachFromActivityForConfigChanges() -> j