build/app/outputs/mapping/release/usage.txt
com.example.womensafteyhackfair.R$dimen
com.example.womensafteyhackfair.R$style
com.example.womensafteyhackfair.R$animator
com.example.womensafteyhackfair.BuildConfig
com.example.womensafteyhackfair.R$anim
com.example.womensafteyhackfair.R$integer
com.example.womensafteyhackfair.R$xml
com.example.womensafteyhackfair.R$layout
com.example.womensafteyhackfair.R$color
com.example.womensafteyhackfair.R$drawable
com.example.womensafteyhackfair.R$id
com.example.womensafteyhackfair.R$string
com.example.womensafteyhackfair.R$attr
com.example.womensafteyhackfair.R$styleable
com.example.womensafteyhackfair.R$bool
com.example.womensafteyhackfair.R$interpolator
com.example.womensafteyhackfair.R$mipmap
com.example.womensafteyhackfair.R
...
com.google.common.collect.ImmutableMultimap$Keys
androidx.transition.TransitionInflater
kotlin.jvm.functions.Function3
com.google.common.graph.UndirectedMultiNetworkConnections
com.google.android.material.R$string
com.google.common.collect.MinMaxPriorityQueue$1
androidx.recyclerview.widget.DiffUtil$Range
com.google.common.base.Converter$1
com.google.android.gms.common.api.internal.zai
com.google.thirdparty.publicsuffix.PublicSuffixType
com.google.common.collect.AbstractMapBasedMultimap$NavigableKeySet
androidx.core.content.pm.ShortcutManagerCompat
com.google.android.gms.common.BlockingServiceConnection
com.google.android.gms.common.api.internal.zaz
androidx.appcompat.graphics.drawable.AnimatedStateListDrawableCompat$AnimatedStateListState:
    private static final long REVERSED_BIT
    private static final long REVERSIBLE_FLAG_BIT
androidx.core.widget.ScrollerCompat
androidx.core.provider.FontsContractCompat$4$7
kotlin.text.MatchResult$Destructured
androidx.work.R$integer
com.google.android.gms.common.Feature:
    public void <init>(java.lang.String,long)
androidx.media.app.NotificationCompat
com.google.common.base.Functions$FunctionForMapNoDefault
com.google.common.eventbus.package-info
com.google.common.collect.MapMakerInternalMap$StrongKeyWeakValueEntry$Helper
com.google.common.cache.LocalCache$AccessQueue$2
androidx.work.impl.model.PreferenceDao_Impl$2
com.google.common.hash.HashingOutputStream
com.google.android.material.internal.BaselineLayout:
    public void <init>(android.content.Context)
    public void <init>(android.content.Context,android.util.AttributeSet,int)
androidx.core.view.accessibility.AccessibilityNodeProviderCompat$AccessibilityNodeProviderApi19
com.google.common.reflect.TypeToken$TypeCollector$3
android.support.v4.media.MediaBrowserCompat$MediaBrowserImplApi21$7
kotlin.collections.ArrayAsCollection
com.google.common.collect.Multimaps$Keys$1$1
androidx.appcompat.widget.ToolbarWidgetWrapper:
    private void ensureSpinner()
    public java.lang.CharSequence getSubtitle()
    public boolean hasIcon()
    public boolean hasLogo()
    public boolean hasEmbeddedTabs()
    public boolean isTitleTruncated()
    public void setNavigationMode(int)
    public void setDropdownParams(android.widget.SpinnerAdapter,android.widget.AdapterView$OnItemSelectedListener)
    public void setDropdownSelectedPosition(int)
    public int getDropdownSelectedPosition()
    public int getDropdownItemCount()
    public android.view.View getCustomView()
    public void animateToVisibility(int)
    public void setNavigationIcon(int)
    public void setDefaultNavigationIcon(android.graphics.drawable.Drawable)
    public void saveHierarchyState(android.util.SparseArray)
    public void restoreHierarchyState(android.util.SparseArray)
    public void setBackgroundDrawable(android.graphics.drawable.Drawable)
    public int getHeight()
    public int getVisibility()
    public void setMenuCallbacks(androidx.appcompat.view.menu.MenuPresenter$Callback,androidx.appcompat.view.menu.MenuBuilder$Callback)
    public android.view.Menu getMenu()
    private android.widget.Spinner mSpinner
    private static final java.lang.String TAG
    private static final int AFFECTS_LOGO_MASK
    private static final long DEFAULT_FADE_DURATION_MS
kotlin.properties.Delegates$vetoable$1
androidx.media.MediaBrowserServiceCompat$MediaBrowserServiceImplApi23
com.google.common.collect.Multisets$MultisetIteratorImpl
androidx.drawerlayout.widget.DrawerLayout$ChildAccessibilityDelegate
kotlin.internal.Exact
com.google.common.collect.FilteredKeyMultimap$Entries
com.google.common.eventbus.Dispatcher$PerThreadQueuedDispatcher
androidx.work.ForegroundUpdater:
    public abstract com.google.common.util.concurrent.ListenableFuture setForegroundAsync(android.content.Context,java.util.UUID,androidx.work.ForegroundInfo)
kotlin.jvm.internal.TypeIntrinsics